
=== Sun May  2 14:53:05 2021

Packages were changed.
Update Mode: updateDependencies

The following packages were added:
  com.unity.2d.sprite@1.0.0
  com.unity.2d.tilemap@1.0.0
  com.unity.ide.rider@2.0.7
  com.unity.ide.visualstudio@2.0.7
  com.unity.ide.vscode@1.2.3
  com.unity.modules.androidjni@1.0.0
  com.unity.test-framework@1.1.22
  com.unity.ugui@1.0.0
The following packages were updated:
  com.unity.addressables from version 0.6.7-preview to 1.16.10
  com.unity.cinemachine from version 2.3.3 to 2.5.0
  com.unity.render-pipelines.lightweight from version 5.13.0 to 10.3.2
  com.unity.textmeshpro from version 2.0.0 to 3.0.1
  com.unity.timeline from version 1.0.0 to 1.4.6
The following packages were removed:
  com.unity.package-manager-ui@2.1.2
